<?xml version='1.0' encoding='UTF-8'?>
<testsuite name="JUnit Vintage" tests="2" skipped="0" failures="0" errors="0" time="13.025" hostname="0baa9dfd6d5b" timestamp="2020-06-03T10:28:09">
<properties>
[...]
</properties>
<testcase name="testH1ContentExtract" classname="tests.embedded.com.intershop.adapter.search_solr.internal.SolrContentIndexTypeTest" time="9.429">
<system-out><![CDATA[
unique-id: [engine:junit-vintage]/[runner:tests.embedded.com.intershop.adapter.search_solr.internal.SolrContentIndexTypeTest]/[test:testH1ContentExtract(tests.embedded.com.intershop.adapter.search_solr.internal.SolrContentIndexTypeTest)]
display-name: testH1ContentExtract
]]></system-out>
</testcase>
<testcase name="testInjectSolrIndexConfiguration" classname="tests.embedded.com.intershop.adapter.search_solr.internal.SolrIndexConfigurationTest" time="3.58">
<system-out><![CDATA[
unique-id: [engine:junit-vintage]/[runner:tests.embedded.com.intershop.adapter.search_solr.internal.SolrIndexConfigurationTest]/[test:testInjectSolrIndexConfiguration(tests.embedded.com.intershop.adapter.search_solr.internal.SolrIndexConfigurationTest)]
display-name: testInjectSolrIndexConfiguration
]]></system-out>
</testcase>
<system-out><![CDATA[
unique-id: [engine:junit-vintage]
display-name: JUnit Vintage
]]></system-out>
</testsuite>
